2025-11-11 12:01:56,520 INFO o.a.j.u.JMeterUtils: Setting Locale to en_EN
2025-11-11 12:01:56,535 INFO o.a.j.JMeter: Loading user properties from: /opt/jmeter/bin/user.properties
2025-11-11 12:01:56,535 INFO o.a.j.JMeter: Loading system properties from: /opt/jmeter/bin/system.properties
2025-11-11 12:01:56,535 INFO o.a.j.JMeter: Setting JMeter property: jmeter.reportgenerator.report_title=MAVIS test report
2025-11-11 12:01:56,535 INFO o.a.j.JMeter: Setting JMeter property: jmeter.reportgenerator.overall_granularity=10000
2025-11-11 12:01:56,535 INFO o.a.j.JMeter: Setting JMeter property: jmeter.reportgenerator.sample_filter=^.*[^0-9]$
2025-11-11 12:01:56,535 INFO o.a.j.JMeter: Setting JMeter property: AuthToken=bWFuYWdlOnZhY2NpbmF0aW9ucwo=
2025-11-11 12:01:56,535 INFO o.a.j.JMeter: Setting JMeter property: Loops=-1
2025-11-11 12:01:56,535 INFO o.a.j.JMeter: Setting JMeter property: Duration=180
2025-11-11 12:01:56,535 INFO o.a.j.JMeter: Setting JMeter property: Threads=10
2025-11-11 12:01:56,536 INFO o.a.j.JMeter: Setting JMeter property: RampUp=30
2025-11-11 12:01:56,536 INFO o.a.j.JMeter: Setting JMeter property: User=nurse.perftest@example.com
2025-11-11 12:01:56,536 INFO o.a.j.JMeter: Setting JMeter property: BaseURL=sandbox-beta.mavistesting.com
2025-11-11 12:01:56,536 INFO o.a.j.JMeter: Setting JMeter property: URN=sandbox-beta.mavistesting.com
2025-11-11 12:01:56,547 INFO o.a.j.JMeter: Copyright (c) 1998-2024 The Apache Software Foundation
2025-11-11 12:01:56,547 INFO o.a.j.JMeter: Version 5.6.3
2025-11-11 12:01:56,547 INFO o.a.j.JMeter: java.version=25.0.1
2025-11-11 12:01:56,547 INFO o.a.j.JMeter: java.vm.name=OpenJDK 64-Bit Server VM
2025-11-11 12:01:56,547 INFO o.a.j.JMeter: os.name=Linux
2025-11-11 12:01:56,547 INFO o.a.j.JMeter: os.arch=amd64
2025-11-11 12:01:56,547 INFO o.a.j.JMeter: os.version=5.10.245-241.976.amzn2.x86_64
2025-11-11 12:01:56,548 INFO o.a.j.JMeter: file.encoding=UTF-8
2025-11-11 12:01:56,548 INFO o.a.j.JMeter: java.awt.headless=true
2025-11-11 12:01:56,548 INFO o.a.j.JMeter: Max memory     =1073741824
2025-11-11 12:01:56,548 INFO o.a.j.JMeter: Available Processors =2
2025-11-11 12:01:56,561 INFO o.a.j.JMeter: Default Locale=English (EN)
2025-11-11 12:01:56,561 INFO o.a.j.JMeter: JMeter  Locale=English (EN)
2025-11-11 12:01:56,561 INFO o.a.j.JMeter: JMeterHome=/opt/jmeter
2025-11-11 12:01:56,561 INFO o.a.j.JMeter: user.dir  =/performance-tests
2025-11-11 12:01:56,561 INFO o.a.j.JMeter: PWD       =/performance-tests
2025-11-11 12:01:56,562 INFO o.a.j.JMeter: IP: 10.0.0.45 Name: ip-10-0-0-45.eu-west-2.compute.internal FullName: ip-10-0-0-45.eu-west-2.compute.internal
2025-11-11 12:01:56,571 INFO o.a.j.JMeter: Setting property 'jmeter.reportgenerator.outputdir' to:'/output/nurse/report'
2025-11-11 12:01:56,574 INFO o.a.j.s.FileServer: Default base='/performance-tests'
2025-11-11 12:01:56,574 INFO o.a.j.s.FileServer: Set new base='/performance-tests/STS'
2025-11-11 12:01:56,918 INFO o.a.j.s.SaveService: Testplan (JMX) version: 2.2. Testlog (JTL) version: 2.2
2025-11-11 12:01:56,942 INFO o.a.j.s.SaveService: Using SaveService properties version 5.0
2025-11-11 12:01:56,949 INFO o.a.j.s.SaveService: Using SaveService properties file encoding UTF-8
2025-11-11 12:01:56,954 INFO o.a.j.s.SaveService: Loading file: STS/nurse-journey.jmx
2025-11-11 12:01:57,022 INFO o.a.j.p.h.c.CookieManager: Settings: Delete null: true Check: true Allow variable: true Save: false Prefix: COOKIE_
2025-11-11 12:01:57,025 INFO o.a.j.p.h.c.CacheManager: Will only cache the following methods: [GET]
2025-11-11 12:01:57,157 INFO o.a.j.JMeter: Creating summariser <summary>
2025-11-11 12:01:57,165 INFO o.a.j.r.d.ReportGenerator: ReportGenerator will use for Parsing the separator: ','
2025-11-11 12:01:57,166 INFO o.a.j.r.d.ReportGenerator: Will generate report at end of test from  results file: /output/nurse/samples.jtl
2025-11-11 12:01:57,166 INFO o.a.j.r.d.ReportGenerator: Reading report generator properties from: /opt/jmeter/bin/reportgenerator.properties
2025-11-11 12:01:57,166 INFO o.a.j.r.d.ReportGenerator: Merging with JMeter properties
2025-11-11 12:01:57,170 INFO o.a.j.r.c.ReportGeneratorConfiguration: Property 'jmeter.reportgenerator.temp_dir' not found, using default value 'temp' instead.
2025-11-11 12:01:57,171 INFO o.a.j.r.c.ReportGeneratorConfiguration: Property 'jmeter.reportgenerator.apdex_per_transaction' not found, using default value 'null' instead.
2025-11-11 12:01:57,171 INFO o.a.j.r.c.ReportGeneratorConfiguration: apdex_per_transaction is empty, not APDEX per transaction customization
2025-11-11 12:01:57,171 INFO o.a.j.r.c.ReportGeneratorConfiguration: Property 'jmeter.reportgenerator.start_date' not found, using default value 'null' instead.
2025-11-11 12:01:57,172 INFO o.a.j.r.c.ReportGeneratorConfiguration: Property 'jmeter.reportgenerator.end_date' not found, using default value 'null' instead.
2025-11-11 12:01:57,172 INFO o.a.j.r.c.ReportGeneratorConfiguration: Property 'jmeter.reportgenerator.date_format' not found, using default value 'null' instead.
2025-11-11 12:01:57,172 INFO o.a.j.r.c.ReportGeneratorConfiguration: Will use date range start date: null, end date: null
2025-11-11 12:01:57,175 INFO o.a.j.r.c.ReportGeneratorConfiguration: Property 'jmeter.reportgenerator.graph.totalTPS.exclude_controllers' not found, using default value 'false' instead.
2025-11-11 12:01:57,175 INFO o.a.j.r.c.ReportGeneratorConfiguration: Property 'jmeter.reportgenerator.graph.activeThreadsOverTime.exclude_controllers' not found, using default value 'false' instead.
2025-11-11 12:01:57,175 INFO o.a.j.r.c.ReportGeneratorConfiguration: Property 'jmeter.reportgenerator.graph.timeVsThreads.exclude_controllers' not found, using default value 'false' instead.
2025-11-11 12:01:57,175 INFO o.a.j.r.c.ReportGeneratorConfiguration: Property 'jmeter.reportgenerator.graph.responseTimeDistribution.exclude_controllers' not found, using default value 'false' instead.
2025-11-11 12:01:57,175 INFO o.a.j.r.c.ReportGeneratorConfiguration: Property 'jmeter.reportgenerator.graph.transactionsPerSecond.exclude_controllers' not found, using default value 'false' instead.
2025-11-11 12:01:57,176 INFO o.a.j.r.c.ReportGeneratorConfiguration: Property 'jmeter.reportgenerator.graph.responseTimePercentiles.exclude_controllers' not found, using default value 'false' instead.
2025-11-11 12:01:57,176 INFO o.a.j.r.c.ReportGeneratorConfiguration: Property 'jmeter.reportgenerator.graph.responseTimePercentilesOverTime.exclude_controllers' not found, using default value 'false' instead.
2025-11-11 12:01:57,176 INFO o.a.j.r.c.ReportGeneratorConfiguration: Property 'jmeter.reportgenerator.graph.responseTimesOverTime.exclude_controllers' not found, using default value 'false' instead.
2025-11-11 12:01:57,176 INFO o.a.j.r.c.ReportGeneratorConfiguration: Property 'jmeter.reportgenerator.graph.connectTimeOverTime.exclude_controllers' not found, using default value 'false' instead.
2025-11-11 12:01:57,176 INFO o.a.j.r.c.ReportGeneratorConfiguration: Property 'jmeter.reportgenerator.graph.latenciesOverTime.exclude_controllers' not found, using default value 'false' instead.
2025-11-11 12:01:57,177 INFO o.a.j.r.c.ReportGeneratorConfiguration: Property 'jmeter.reportgenerator.exporter.json.filters_only_sample_series' not found, using default value 'true' instead.
2025-11-11 12:01:57,177 INFO o.a.j.r.c.ReportGeneratorConfiguration: Property 'jmeter.reportgenerator.exporter.json.series_filter' not found, using default value '' instead.
2025-11-11 12:01:57,177 INFO o.a.j.r.c.ReportGeneratorConfiguration: Property 'jmeter.reportgenerator.exporter.json.show_controllers_only' not found, using default value 'false' instead.
2025-11-11 12:01:57,177 INFO o.a.j.r.c.ReportGeneratorConfiguration: Property 'jmeter.reportgenerator.exporter.html.filters_only_sample_series' not found, using default value 'true' instead.
2025-11-11 12:01:57,177 INFO o.a.j.r.c.ReportGeneratorConfiguration: Property 'jmeter.reportgenerator.exporter.html.series_filter' not found, using default value '' instead.
2025-11-11 12:01:57,177 INFO o.a.j.r.c.ReportGeneratorConfiguration: Property 'jmeter.reportgenerator.exporter.html.show_controllers_only' not found, using default value 'false' instead.
2025-11-11 12:01:57,188 INFO o.a.j.e.StandardJMeterEngine: Running the test!
2025-11-11 12:01:57,188 INFO o.a.j.s.SampleEvent: List of sample_variables: []
2025-11-11 12:01:57,189 INFO o.a.j.s.SampleEvent: List of sample_variables: []
2025-11-11 12:01:57,195 INFO o.a.j.e.u.CompoundVariable: Note: Function class names must contain the string: '.functions.'
2025-11-11 12:01:57,195 INFO o.a.j.e.u.CompoundVariable: Note: Function class names must not contain the string: '.gui.'
2025-11-11 12:01:57,232 INFO o.a.j.r.ClassFinder: Will scan jar /opt/jmeter/lib/ext/jmeter-plugins-udp-0.4.jar with filter ExtendsClassFilter [parents=[interface org.apache.jmeter.functions.Function], inner=false, contains=null, notContains=null]. Consider exposing JMeter plugins via META-INF/services, and add JMeter-Skip-Class-Scanning=true manifest attribute so JMeter can skip classfile scanning
2025-11-11 12:01:57,236 INFO o.a.j.r.ClassFinder: Will scan jar /opt/jmeter/lib/ext/jmeter-plugins-dummy-0.4.jar with filter ExtendsClassFilter [parents=[interface org.apache.jmeter.functions.Function], inner=false, contains=null, notContains=null]. Consider exposing JMeter plugins via META-INF/services, and add JMeter-Skip-Class-Scanning=true manifest attribute so JMeter can skip classfile scanning
2025-11-11 12:01:57,239 INFO o.a.j.r.ClassFinder: Will scan jar /opt/jmeter/lib/ext/jmeter-plugins-graphs-basic-2.0.jar with filter ExtendsClassFilter [parents=[interface org.apache.jmeter.functions.Function], inner=false, contains=null, notContains=null]. Consider exposing JMeter plugins via META-INF/services, and add JMeter-Skip-Class-Scanning=true manifest attribute so JMeter can skip classfile scanning
2025-11-11 12:01:57,242 INFO o.a.j.r.ClassFinder: Will scan jar /opt/jmeter/lib/ext/jmeter-plugins-table-server-5.0.jar with filter ExtendsClassFilter [parents=[interface org.apache.jmeter.functions.Function], inner=false, contains=null, notContains=null]. Consider exposing JMeter plugins via META-INF/services, and add JMeter-Skip-Class-Scanning=true manifest attribute so JMeter can skip classfile scanning
2025-11-11 12:01:57,244 INFO o.a.j.r.ClassFinder: Will scan jar /opt/jmeter/lib/ext/jmeter-plugins-manager-1.7.0.jar with filter ExtendsClassFilter [parents=[interface org.apache.jmeter.functions.Function], inner=false, contains=null, notContains=null]. Consider exposing JMeter plugins via META-INF/services, and add JMeter-Skip-Class-Scanning=true manifest attribute so JMeter can skip classfile scanning
2025-11-11 12:01:57,340 INFO o.a.j.r.ClassFinder: Will scan jar /opt/jmeter/lib/ext/jmeter-plugins-random-csv-data-set-0.8.jar with filter ExtendsClassFilter [parents=[interface org.apache.jmeter.functions.Function], inner=false, contains=null, notContains=null]. Consider exposing JMeter plugins via META-INF/services, and add JMeter-Skip-Class-Scanning=true manifest attribute so JMeter can skip classfile scanning
2025-11-11 12:01:57,566 INFO o.a.j.JMeter: Running test (1762862517566)
2025-11-11 12:01:57,568 INFO o.a.j.e.StandardJMeterEngine: Starting setUp thread groups
2025-11-11 12:01:57,568 INFO o.a.j.e.StandardJMeterEngine: Starting setUp ThreadGroup: 1 : Get all valid patients for vaccination 
2025-11-11 12:01:57,568 INFO o.a.j.e.StandardJMeterEngine: Starting 1 threads for group Get all valid patients for vaccination.
2025-11-11 12:01:57,568 INFO o.a.j.e.StandardJMeterEngine: Thread will continue on error
2025-11-11 12:01:57,568 INFO o.a.j.t.ThreadGroup: Starting thread group... number=1 threads=1 ramp-up=1 delayedStart=false
2025-11-11 12:01:57,571 INFO o.a.j.t.ThreadGroup: Started thread group number 1
2025-11-11 12:01:57,572 INFO o.a.j.e.StandardJMeterEngine: Waiting for all setup thread groups to exit
2025-11-11 12:01:57,574 INFO o.a.j.t.JMeterThread: Thread started: Get all valid patients for vaccination 1-1
2025-11-11 12:01:57,576 INFO o.a.j.s.SampleResult: Note: Sample TimeStamps are START times
2025-11-11 12:01:57,576 INFO o.a.j.s.SampleResult: sampleresult.default.encoding is set to UTF-8
2025-11-11 12:01:57,576 INFO o.a.j.s.SampleResult: sampleresult.useNanoTime=true
2025-11-11 12:01:57,576 INFO o.a.j.s.SampleResult: sampleresult.nanoThreadSleep=5000
2025-11-11 12:01:58,127 INFO o.a.j.p.h.s.HTTPHCAbstractImpl: Local host = ip-10-0-0-45.eu-west-2.compute.internal
2025-11-11 12:01:58,131 INFO o.a.j.p.h.s.HTTPHC4Impl: HTTP request retry count = 0
2025-11-11 12:01:58,222 INFO o.a.j.p.h.s.h.LazyLayeredConnectionSocketFactory: Setting up HTTPS TrustAll Socket Factory
2025-11-11 12:01:58,225 INFO o.a.j.u.JsseSSLManager: Using default SSL protocol: TLS
2025-11-11 12:01:58,225 INFO o.a.j.u.JsseSSLManager: SSL session context: per-thread
2025-11-11 12:01:58,266 INFO o.a.j.u.SSLManager: JmeterKeyStore Location:  type JKS
2025-11-11 12:01:58,268 INFO o.a.j.u.SSLManager: KeyStore created OK
2025-11-11 12:01:58,268 WARN o.a.j.u.SSLManager: Keystore file not found, loading empty keystore
2025-11-11 12:01:58,654 INFO o.a.j.p.h.p.BaseParser: Created org.apache.jmeter.protocol.http.parser.LagartoBasedHtmlParser
2025-11-11 12:01:58,692 INFO o.a.j.p.h.s.ResourcesDownloader: Creating ResourcesDownloader with keepalive_inseconds : 60
2025-11-11 12:01:58,742 INFO o.a.j.p.h.p.BaseParser: Created org.apache.jmeter.protocol.http.parser.CssParser
2025-11-11 12:01:58,940 WARN c.h.c.r.e.LoggingCSSParseErrorHandler: Browser compliant mode skipped CSS from [1:66417] starting at token '+' until [1:66446] to token '}' (based on com.helger.css.parser.ParseException: Encountered unexpected token: "." "."
    at line 1, column 66418.

Was expecting one of:

    <ANGLE_DEG>
    <ANGLE_GRAD>
    <ANGLE_RAD>
    <ANGLE_TURN>
    <CH>
    <DPCM>
    <DPI>
    <DPPX>
    <EM>
    <EX>
    <FR>
    <FREQ_HZ>
    <FREQ_KHZ>
    <LENGTH_CM>
    <LENGTH_IN>
    <LENGTH_MM>
    <LENGTH_PC>
    <LENGTH_PT>
    <LENGTH_Q>
    <NUMBER>
    <PERCENTAGE>
    <PX>
    <REM>
    <TIME_MS>
    <TIME_S>
    <VH>
    <VMAX>
    <VMIN>
    <VW>
)
2025-11-11 12:01:58,963 WARN c.h.c.r.e.LoggingCSSParseErrorHandler: Browser compliant mode skipped CSS from [1:95264] starting at token 'has(' until [1:95339] to token '}' (based on com.helger.css.parser.ParseException: Encountered unexpected token: "." "."
    at line 1, column 95268.

Was expecting one of:

    ")"
    "+"
    "-"
    "["
    "and"
    "expression("
    "from"
    "inherit"
    "not"
    "only"
    "or"
    "to"
    <ANGLE_DEG>
    <ANGLE_GRAD>
    <ANGLE_RAD>
    <ANGLE_TURN>
    <CH>
    <DPCM>
    <DPI>
    <DPPX>
    <EM>
    <EX>
    <FR>
    <FREQ_HZ>
    <FREQ_KHZ>
    <FUNCTION>
    <FUNCTION_CALC>
    <HASH>
    <IDENT>
    <LENGTH_CM>
    <LENGTH_IN>
    <LENGTH_MM>
    <LENGTH_PC>
    <LENGTH_PT>
    <LENGTH_Q>
    <NUMBER>
    <PERCENTAGE>
    <PX>
    <REM>
    <S>
    <STRING1>
    <STRING2>
    <TIME_MS>
    <TIME_S>
    <URANGE>
    <URL>
    <VH>
    <VMAX>
    <VMIN>
    <VW>
)
2025-11-11 12:01:59,015 WARN c.h.c.r.e.LoggingCSSParseErrorHandler: Browser compliant mode skipped CSS from [1:160799] starting at token '+' until [1:160839] to token '}' (based on com.helger.css.parser.ParseException: Encountered unexpected token: "." "."
    at line 1, column 160800.

Was expecting one of:

    <ANGLE_DEG>
    <ANGLE_GRAD>
    <ANGLE_RAD>
    <ANGLE_TURN>
    <CH>
    <DPCM>
    <DPI>
    <DPPX>
    <EM>
    <EX>
    <FR>
    <FREQ_HZ>
    <FREQ_KHZ>
    <LENGTH_CM>
    <LENGTH_IN>
    <LENGTH_MM>
    <LENGTH_PC>
    <LENGTH_PT>
    <LENGTH_Q>
    <NUMBER>
    <PERCENTAGE>
    <PX>
    <REM>
    <TIME_MS>
    <TIME_S>
    <VH>
    <VMAX>
    <VMIN>
    <VW>
)
2025-11-11 12:01:59,015 WARN c.h.c.r.e.LoggingCSSParseErrorHandler: Browser compliant mode skipped CSS from [1:160893] starting at token '+' until [1:160933] to token '}' (based on com.helger.css.parser.ParseException: Encountered unexpected token: "." "."
    at line 1, column 160894.

Was expecting one of:

    <ANGLE_DEG>
    <ANGLE_GRAD>
    <ANGLE_RAD>
    <ANGLE_TURN>
    <CH>
    <DPCM>
    <DPI>
    <DPPX>
    <EM>
    <EX>
    <FR>
    <FREQ_HZ>
    <FREQ_KHZ>
    <LENGTH_CM>
    <LENGTH_IN>
    <LENGTH_MM>
    <LENGTH_PC>
    <LENGTH_PT>
    <LENGTH_Q>
    <NUMBER>
    <PERCENTAGE>
    <PX>
    <REM>
    <TIME_MS>
    <TIME_S>
    <VH>
    <VMAX>
    <VMIN>
    <VW>
)
2025-11-11 12:01:59,026 WARN c.h.c.r.e.LoggingCSSParseErrorHandler: Browser compliant mode skipped CSS from [1:177083] starting at token 'has(' until [1:177138] to token '}' (based on com.helger.css.parser.ParseException: Encountered unexpected token: ">" ">"
    at line 1, column 177087.

Was expecting one of:

    ")"
    "+"
    "-"
    "["
    "and"
    "expression("
    "from"
    "inherit"
    "not"
    "only"
    "or"
    "to"
    <ANGLE_DEG>
    <ANGLE_GRAD>
    <ANGLE_RAD>
    <ANGLE_TURN>
    <CH>
    <DPCM>
    <DPI>
    <DPPX>
    <EM>
    <EX>
    <FR>
    <FREQ_HZ>
    <FREQ_KHZ>
    <FUNCTION>
    <FUNCTION_CALC>
    <HASH>
    <IDENT>
    <LENGTH_CM>
    <LENGTH_IN>
    <LENGTH_MM>
    <LENGTH_PC>
    <LENGTH_PT>
    <LENGTH_Q>
    <NUMBER>
    <PERCENTAGE>
    <PX>
    <REM>
    <S>
    <STRING1>
    <STRING2>
    <TIME_MS>
    <TIME_S>
    <URANGE>
    <URL>
    <VH>
    <VMAX>
    <VMIN>
    <VW>
)
2025-11-11 12:01:59,026 WARN c.h.c.r.e.LoggingCSSParseErrorHandler: Browser compliant mode skipped CSS from [1:177151] starting at token 'has(' until [1:177230] to token '}' (based on com.helger.css.parser.ParseException: Encountered unexpected token: ">" ">"
    at line 1, column 177155.

Was expecting one of:

    ")"
    "+"
    "-"
    "["
    "and"
    "expression("
    "from"
    "inherit"
    "not"
    "only"
    "or"
    "to"
    <ANGLE_DEG>
    <ANGLE_GRAD>
    <ANGLE_RAD>
    <ANGLE_TURN>
    <CH>
    <DPCM>
    <DPI>
    <DPPX>
    <EM>
    <EX>
    <FR>
    <FREQ_HZ>
    <FREQ_KHZ>
    <FUNCTION>
    <FUNCTION_CALC>
    <HASH>
    <IDENT>
    <LENGTH_CM>
    <LENGTH_IN>
    <LENGTH_MM>
    <LENGTH_PC>
    <LENGTH_PT>
    <LENGTH_Q>
    <NUMBER>
    <PERCENTAGE>
    <PX>
    <REM>
    <S>
    <STRING1>
    <STRING2>
    <TIME_MS>
    <TIME_S>
    <URANGE>
    <URL>
    <VH>
    <VMAX>
    <VMIN>
    <VW>
)
2025-11-11 12:01:59,026 WARN c.h.c.r.e.LoggingCSSParseErrorHandler: Browser compliant mode skipped CSS from [1:177243] starting at token 'has(' until [1:177378] to token '}' (based on com.helger.css.parser.ParseException: Encountered unexpected token: ">" ">"
    at line 1, column 177247.

Was expecting one of:

    ")"
    "+"
    "-"
    "["
    "and"
    "expression("
    "from"
    "inherit"
    "not"
    "only"
    "or"
    "to"
    <ANGLE_DEG>
    <ANGLE_GRAD>
    <ANGLE_RAD>
    <ANGLE_TURN>
    <CH>
    <DPCM>
    <DPI>
    <DPPX>
    <EM>
    <EX>
    <FR>
    <FREQ_HZ>
    <FREQ_KHZ>
    <FUNCTION>
    <FUNCTION_CALC>
    <HASH>
    <IDENT>
    <LENGTH_CM>
    <LENGTH_IN>
    <LENGTH_MM>
    <LENGTH_PC>
    <LENGTH_PT>
    <LENGTH_Q>
    <NUMBER>
    <PERCENTAGE>
    <PX>
    <REM>
    <S>
    <STRING1>
    <STRING2>
    <TIME_MS>
    <TIME_S>
    <URANGE>
    <URL>
    <VH>
    <VMAX>
    <VMIN>
    <VW>
)
2025-11-11 12:01:59,290 INFO o.a.j.t.JMeterThread: Thread is done: Get all valid patients for vaccination 1-1
2025-11-11 12:01:59,290 INFO o.a.j.t.JMeterThread: Thread finished: Get all valid patients for vaccination 1-1
2025-11-11 12:01:59,292 INFO o.a.j.e.StandardJMeterEngine: All Setup Threads have ended
2025-11-11 12:01:59,338 INFO o.a.j.e.StandardJMeterEngine: Starting ThreadGroup: 1 : Nurse journey
2025-11-11 12:01:59,338 INFO o.a.j.e.StandardJMeterEngine: Starting 10 threads for group Nurse journey.
2025-11-11 12:01:59,338 INFO o.a.j.e.StandardJMeterEngine: Thread will continue on error
2025-11-11 12:01:59,338 INFO o.a.j.t.ThreadGroup: Starting thread group... number=1 threads=10 ramp-up=30 delayedStart=false
2025-11-11 12:01:59,349 INFO o.a.j.t.JMeterThread: Thread started: Nurse journey 1-1
2025-11-11 12:01:59,417 INFO o.a.j.t.ThreadGroup: Started thread group number 1
2025-11-11 12:01:59,417 INFO o.a.j.e.StandardJMeterEngine: All thread groups have been started
2025-11-11 12:02:02,358 INFO o.a.j.t.JMeterThread: Thread started: Nurse journey 1-2
2025-11-11 12:02:02,456 INFO o.a.j.r.Summariser: summary +      2 in 00:00:05 =    0.4/s Avg:    85 Min:    76 Max:    94 Err:     0 (0.00%) Active: 2 Started: 2 Finished: 0
2025-11-11 12:02:05,356 INFO o.a.j.t.JMeterThread: Thread started: Nurse journey 1-3
2025-11-11 12:02:08,349 INFO o.a.j.t.JMeterThread: Thread started: Nurse journey 1-4
2025-11-11 12:02:11,286 INFO o.a.j.p.j.s.J.Choose session: for thread 0 & VaccineName is flu
2025-11-11 12:02:11,345 INFO o.a.j.t.JMeterThread: Thread started: Nurse journey 1-5
2025-11-11 12:02:14,346 INFO o.a.j.t.JMeterThread: Thread started: Nurse journey 1-6
2025-11-11 12:02:16,655 INFO o.a.j.p.j.s.J.Choose session: for thread 1 & VaccineName is hpv
2025-11-11 12:02:17,046 INFO o.a.j.p.j.s.J.Choose session: for thread 2 & VaccineName is menacwy
2025-11-11 12:02:17,345 INFO o.a.j.t.JMeterThread: Thread started: Nurse journey 1-7
2025-11-11 12:02:19,697 INFO o.a.j.p.j.s.J.Choose session: for thread 3 & VaccineName is td_ipv
2025-11-11 12:02:20,361 INFO o.a.j.t.JMeterThread: Thread started: Nurse journey 1-8
2025-11-11 12:02:23,375 INFO o.a.j.t.JMeterThread: Thread started: Nurse journey 1-9
2025-11-11 12:02:24,049 ERROR o.a.j.m.J.Search failed: No patients returned for NoMoreVaccinations NoMoreVaccinations
2025-11-11 12:02:24,049 INFO o.a.j.s.TestAction: Restarting next thread loop from element Go to next thread as patient isn't found
2025-11-11 12:02:24,966 INFO o.a.j.p.j.s.J.Choose session: for thread 4 & VaccineName is flu
2025-11-11 12:02:26,271 INFO o.a.j.p.j.s.J.Choose session: for thread 5 & VaccineName is hpv
2025-11-11 12:02:26,361 INFO o.a.j.t.JMeterThread: Thread started: Nurse journey 1-10
2025-11-11 12:02:28,419 WARN c.h.c.r.e.LoggingCSSParseErrorHandler: Browser compliant mode skipped CSS from [1:66417] starting at token '+' until [1:66446] to token '}' (based on com.helger.css.parser.ParseException: Encountered unexpected token: "." "."
    at line 1, column 66418.

Was expecting one of:

    <ANGLE_DEG>
    <ANGLE_GRAD>
    <ANGLE_RAD>
    <ANGLE_TURN>
    <CH>
    <DPCM>
    <DPI>
    <DPPX>
    <EM>
    <EX>
    <FR>
    <FREQ_HZ>
    <FREQ_KHZ>
    <LENGTH_CM>
    <LENGTH_IN>
    <LENGTH_MM>
    <LENGTH_PC>
    <LENGTH_PT>
    <LENGTH_Q>
    <NUMBER>
    <PERCENTAGE>
    <PX>
    <REM>
    <TIME_MS>
    <TIME_S>
    <VH>
    <VMAX>
    <VMIN>
    <VW>
)
2025-11-11 12:02:28,442 WARN c.h.c.r.e.LoggingCSSParseErrorHandler: Browser compliant mode skipped CSS from [1:95264] starting at token 'has(' until [1:95339] to token '}' (based on com.helger.css.parser.ParseException: Encountered unexpected token: "." "."
    at line 1, column 95268.

Was expecting one of:

    ")"
    "+"
    "-"
    "["
    "and"
    "expression("
    "from"
    "inherit"
    "not"
    "only"
    "or"
    "to"
    <ANGLE_DEG>
    <ANGLE_GRAD>
    <ANGLE_RAD>
    <ANGLE_TURN>
    <CH>
    <DPCM>
    <DPI>
    <DPPX>
    <EM>
    <EX>
    <FR>
    <FREQ_HZ>
    <FREQ_KHZ>
    <FUNCTION>
    <FUNCTION_CALC>
    <HASH>
    <IDENT>
    <LENGTH_CM>
    <LENGTH_IN>
    <LENGTH_MM>
    <LENGTH_PC>
    <LENGTH_PT>
    <LENGTH_Q>
    <NUMBER>
    <PERCENTAGE>
    <PX>
    <REM>
    <S>
    <STRING1>
    <STRING2>
    <TIME_MS>
    <TIME_S>
    <URANGE>
    <URL>
    <VH>
    <VMAX>
    <VMIN>
    <VW>
)
2025-11-11 12:02:28,496 WARN c.h.c.r.e.LoggingCSSParseErrorHandler: Browser compliant mode skipped CSS from [1:160799] starting at token '+' until [1:160839] to token '}' (based on com.helger.css.parser.ParseException: Encountered unexpected token: "." "."
    at line 1, column 160800.

Was expecting one of:

    <ANGLE_DEG>
    <ANGLE_GRAD>
    <ANGLE_RAD>
    <ANGLE_TURN>
    <CH>
    <DPCM>
    <DPI>
    <DPPX>
    <EM>
    <EX>
    <FR>
    <FREQ_HZ>
    <FREQ_KHZ>
    <LENGTH_CM>
    <LENGTH_IN>
    <LENGTH_MM>
    <LENGTH_PC>
    <LENGTH_PT>
    <LENGTH_Q>
    <NUMBER>
    <PERCENTAGE>
    <PX>
    <REM>
    <TIME_MS>
    <TIME_S>
    <VH>
    <VMAX>
    <VMIN>
    <VW>
)
2025-11-11 12:02:28,496 WARN c.h.c.r.e.LoggingCSSParseErrorHandler: Browser compliant mode skipped CSS from [1:160893] starting at token '+' until [1:160933] to token '}' (based on com.helger.css.parser.ParseException: Encountered unexpected token: "." "."
    at line 1, column 160894.

Was expecting one of:

    <ANGLE_DEG>
    <ANGLE_GRAD>
    <ANGLE_RAD>
    <ANGLE_TURN>
    <CH>
    <DPCM>
    <DPI>
    <DPPX>
    <EM>
    <EX>
    <FR>
    <FREQ_HZ>
    <FREQ_KHZ>
    <LENGTH_CM>
    <LENGTH_IN>
    <LENGTH_MM>
    <LENGTH_PC>
    <LENGTH_PT>
    <LENGTH_Q>
    <NUMBER>
    <PERCENTAGE>
    <PX>
    <REM>
    <TIME_MS>
    <TIME_S>
    <VH>
    <VMAX>
    <VMIN>
    <VW>
)
2025-11-11 12:02:28,515 WARN c.h.c.r.e.LoggingCSSParseErrorHandler: Browser compliant mode skipped CSS from [1:177083] starting at token 'has(' until [1:177138] to token '}' (based on com.helger.css.parser.ParseException: Encountered unexpected token: ">" ">"
    at line 1, column 177087.

Was expecting one of:

    ")"
    "+"
    "-"
    "["
    "and"
    "expression("
    "from"
    "inherit"
    "not"
    "only"
    "or"
    "to"
    <ANGLE_DEG>
    <ANGLE_GRAD>
    <ANGLE_RAD>
    <ANGLE_TURN>
    <CH>
    <DPCM>
    <DPI>
    <DPPX>
    <EM>
    <EX>
    <FR>
    <FREQ_HZ>
    <FREQ_KHZ>
    <FUNCTION>
    <FUNCTION_CALC>
    <HASH>
    <IDENT>
    <LENGTH_CM>
    <LENGTH_IN>
    <LENGTH_MM>
    <LENGTH_PC>
    <LENGTH_PT>
    <LENGTH_Q>
    <NUMBER>
    <PERCENTAGE>
    <PX>
    <REM>
    <S>
    <STRING1>
    <STRING2>
    <TIME_MS>
    <TIME_S>
    <URANGE>
    <URL>
    <VH>
    <VMAX>
    <VMIN>
    <VW>
)
2025-11-11 12:02:28,515 WARN c.h.c.r.e.LoggingCSSParseErrorHandler: Browser compliant mode skipped CSS from [1:177151] starting at token 'has(' until [1:177230] to token '}' (based on com.helger.css.parser.ParseException: Encountered unexpected token: ">" ">"
    at line 1, column 177155.

Was expecting one of:

    ")"
    "+"
    "-"
    "["
    "and"
    "expression("
    "from"
    "inherit"
    "not"
    "only"
    "or"
    "to"
    <ANGLE_DEG>
    <ANGLE_GRAD>
    <ANGLE_RAD>
    <ANGLE_TURN>
    <CH>
    <DPCM>
    <DPI>
    <DPPX>
    <EM>
    <EX>
    <FR>
    <FREQ_HZ>
    <FREQ_KHZ>
    <FUNCTION>
    <FUNCTION_CALC>
    <HASH>
    <IDENT>
    <LENGTH_CM>
    <LENGTH_IN>
    <LENGTH_MM>
    <LENGTH_PC>
    <LENGTH_PT>
    <LENGTH_Q>
    <NUMBER>
    <PERCENTAGE>
    <PX>
    <REM>
    <S>
    <STRING1>
    <STRING2>
    <TIME_MS>
    <TIME_S>
    <URANGE>
    <URL>
    <VH>
    <VMAX>
    <VMIN>
    <VW>
)
2025-11-11 12:02:28,515 WARN c.h.c.r.e.LoggingCSSParseErrorHandler: Browser compliant mode skipped CSS from [1:177243] starting at token 'has(' until [1:177378] to token '}' (based on com.helger.css.parser.ParseException: Encountered unexpected token: ">" ">"
    at line 1, column 177247.

Was expecting one of:

    ")"
    "+"
    "-"
    "["
    "and"
    "expression("
    "from"
    "inherit"
    "not"
    "only"
    "or"
    "to"
    <ANGLE_DEG>
    <ANGLE_GRAD>
    <ANGLE_RAD>
    <ANGLE_TURN>
    <CH>
    <DPCM>
    <DPI>
    <DPPX>
    <EM>
    <EX>
    <FR>
    <FREQ_HZ>
    <FREQ_KHZ>
    <FUNCTION>
    <FUNCTION_CALC>
    <HASH>
    <IDENT>
    <LENGTH_CM>
    <LENGTH_IN>
    <LENGTH_MM>
    <LENGTH_PC>
    <LENGTH_PT>
    <LENGTH_Q>
    <NUMBER>
    <PERCENTAGE>
    <PX>
    <REM>
    <S>
    <STRING1>
    <STRING2>
    <TIME_MS>
    <TIME_S>
    <URANGE>
    <URL>
    <VH>
    <VMAX>
    <VMIN>
    <VW>
)
2025-11-11 12:02:28,562 ERROR o.a.j.m.J.Search failed: No patients returned for NoMoreVaccinations NoMoreVaccinations
2025-11-11 12:02:28,562 INFO o.a.j.s.TestAction: Restarting next thread loop from element Go to next thread as patient isn't found
2025-11-11 12:02:29,640 ERROR o.a.j.m.J.Search failed: No patients returned for NoMoreVaccinations NoMoreVaccinations
2025-11-11 12:02:29,640 INFO o.a.j.s.TestAction: Restarting next thread loop from element Go to next thread as patient isn't found
2025-11-11 12:02:29,655 INFO o.a.j.p.j.s.J.Choose session: for thread 6 & VaccineName is menacwy
2025-11-11 12:02:30,073 INFO o.a.j.r.Summariser: summary +     49 in 00:00:28 =    1.8/s Avg:    42 Min:    23 Max:   158 Err:     0 (0.00%) Active: 10 Started: 10 Finished: 0
2025-11-11 12:02:30,073 INFO o.a.j.r.Summariser: summary =     51 in 00:00:33 =    1.6/s Avg:    43 Min:    23 Max:   158 Err:     0 (0.00%)
2025-11-11 12:02:31,325 INFO o.a.j.p.j.s.J.Choose session: for thread 7 & VaccineName is td_ipv
2025-11-11 12:02:32,828 ERROR o.a.j.m.J.Search failed: No patients returned for NoMoreVaccinations NoMoreVaccinations
2025-11-11 12:02:32,828 INFO o.a.j.s.TestAction: Restarting next thread loop from element Go to next thread as patient isn't found
2025-11-11 12:02:33,624 INFO o.a.j.p.j.s.J.Choose session: for thread 8 & VaccineName is flu
2025-11-11 12:02:36,629 INFO o.a.j.p.j.s.J.Choose session: for thread 0 & VaccineName is flu
2025-11-11 12:02:37,621 ERROR o.a.j.m.J.Search failed: No patients returned for NoMoreVaccinations NoMoreVaccinations
2025-11-11 12:02:37,621 INFO o.a.j.s.TestAction: Restarting next thread loop from element Go to next thread as patient isn't found
2025-11-11 12:02:38,807 ERROR o.a.j.m.J.Search failed: No patients returned for NoMoreVaccinations NoMoreVaccinations
2025-11-11 12:02:38,807 INFO o.a.j.s.TestAction: Restarting next thread loop from element Go to next thread as patient isn't found
2025-11-11 12:02:39,172 INFO o.a.j.p.j.s.J.Choose session: for thread 2 & VaccineName is menacwy
2025-11-11 12:02:40,203 INFO o.a.j.p.j.s.J.Choose session: for thread 9 & VaccineName is hpv
2025-11-11 12:02:41,358 INFO o.a.j.p.j.s.J.Choose session: for thread 1 & VaccineName is hpv
2025-11-11 12:02:42,318 ERROR o.a.j.m.J.Search failed: No patients returned for NoMoreVaccinations NoMoreVaccinations
2025-11-11 12:02:42,318 INFO o.a.j.s.TestAction: Restarting next thread loop from element Go to next thread as patient isn't found
2025-11-11 12:02:42,838 ERROR o.a.j.m.J.Search failed: No patients returned for NoMoreVaccinations NoMoreVaccinations
2025-11-11 12:02:42,838 INFO o.a.j.s.TestAction: Restarting next thread loop from element Go to next thread as patient isn't found
2025-11-11 12:02:45,328 ERROR o.a.j.m.J.Search failed: No patients returned for NoMoreVaccinations NoMoreVaccinations
2025-11-11 12:02:45,329 INFO o.a.j.s.TestAction: Restarting next thread loop from element Go to next thread as patient isn't found
2025-11-11 12:02:45,862 INFO o.a.j.p.j.s.J.Choose session: for thread 3 & VaccineName is td_ipv
2025-11-11 12:02:49,280 ERROR o.a.j.m.J.Search failed: No patients returned for NoMoreVaccinations NoMoreVaccinations
2025-11-11 12:02:49,280 INFO o.a.j.s.TestAction: Restarting next thread loop from element Go to next thread as patient isn't found
2025-11-11 12:02:50,683 INFO o.a.j.p.j.s.J.Choose session: for thread 5 & VaccineName is hpv
2025-11-11 12:02:51,390 ERROR o.a.j.m.J.Search failed: No patients returned for NoMoreVaccinations NoMoreVaccinations
2025-11-11 12:02:51,390 INFO o.a.j.s.TestAction: Restarting next thread loop from element Go to next thread as patient isn't found
2025-11-11 12:02:51,537 INFO o.a.j.p.j.s.J.Choose session: for thread 4 & VaccineName is flu
2025-11-11 12:02:52,003 ERROR o.a.j.m.J.Search failed: No patients returned for NoMoreVaccinations NoMoreVaccinations
2025-11-11 12:02:52,003 INFO o.a.j.s.TestAction: Restarting next thread loop from element Go to next thread as patient isn't found
2025-11-11 12:02:52,902 INFO o.a.j.p.j.s.J.Choose session: for thread 7 & VaccineName is td_ipv
2025-11-11 12:02:54,243 ERROR o.a.j.m.J.Search failed: No patients returned for NoMoreVaccinations NoMoreVaccinations
2025-11-11 12:02:54,244 INFO o.a.j.s.TestAction: Restarting next thread loop from element Go to next thread as patient isn't found
2025-11-11 12:02:55,565 INFO o.a.j.p.j.s.J.Choose session: for thread 6 & VaccineName is menacwy
2025-11-11 12:02:56,585 ERROR o.a.j.m.J.Search failed: No patients returned for NoMoreVaccinations NoMoreVaccinations
2025-11-11 12:02:56,585 INFO o.a.j.s.TestAction: Restarting next thread loop from element Go to next thread as patient isn't found
2025-11-11 12:02:56,639 INFO o.a.j.p.j.s.J.Choose session: for thread 8 & VaccineName is flu
2025-11-11 12:03:00,448 INFO o.a.j.r.Summariser: summary +     86 in 00:00:30 =    2.8/s Avg:    31 Min:    16 Max:    59 Err:     0 (0.00%) Active: 10 Started: 10 Finished: 0
2025-11-11 12:03:00,449 INFO o.a.j.r.Summariser: summary =    137 in 00:01:03 =    2.2/s Avg:    36 Min:    16 Max:   158 Err:     0 (0.00%)
2025-11-11 12:03:00,450 INFO o.a.j.p.j.s.J.Choose session: for thread 0 & VaccineName is flu
2025-11-11 12:03:03,050 ERROR o.a.j.m.J.Search failed: No patients returned for NoMoreVaccinations NoMoreVaccinations
2025-11-11 12:03:03,050 INFO o.a.j.s.TestAction: Restarting next thread loop from element Go to next thread as patient isn't found
2025-11-11 12:03:03,060 ERROR o.a.j.m.J.Search failed: No patients returned for NoMoreVaccinations NoMoreVaccinations
2025-11-11 12:03:03,060 INFO o.a.j.s.TestAction: Restarting next thread loop from element Go to next thread as patient isn't found
2025-11-11 12:03:04,257 ERROR o.a.j.m.J.Search failed: No patients returned for NoMoreVaccinations NoMoreVaccinations
2025-11-11 12:03:04,257 INFO o.a.j.s.TestAction: Restarting next thread loop from element Go to next thread as patient isn't found
2025-11-11 12:03:04,416 INFO o.a.j.p.j.s.J.Choose session: for thread 2 & VaccineName is menacwy
2025-11-11 12:03:04,766 INFO o.a.j.p.j.s.J.Choose session: for thread 9 & VaccineName is hpv
2025-11-11 12:03:06,240 INFO o.a.j.p.j.s.J.Choose session: for thread 1 & VaccineName is hpv
2025-11-11 12:03:07,607 ERROR o.a.j.m.J.Search failed: No patients returned for NoMoreVaccinations NoMoreVaccinations
2025-11-11 12:03:07,607 INFO o.a.j.s.TestAction: Restarting next thread loop from element Go to next thread as patient isn't found
2025-11-11 12:03:07,951 ERROR o.a.j.m.J.Search failed: No patients returned for NoMoreVaccinations NoMoreVaccinations
2025-11-11 12:03:07,951 INFO o.a.j.s.TestAction: Restarting next thread loop from element Go to next thread as patient isn't found
2025-11-11 12:03:08,613 INFO o.a.j.p.j.s.J.Choose session: for thread 3 & VaccineName is td_ipv
2025-11-11 12:03:11,762 ERROR o.a.j.m.J.Search failed: No patients returned for NoMoreVaccinations NoMoreVaccinations
2025-11-11 12:03:11,762 INFO o.a.j.s.TestAction: Restarting next thread loop from element Go to next thread as patient isn't found
2025-11-11 12:03:13,849 INFO o.a.j.p.j.s.J.Choose session: for thread 7 & VaccineName is td_ipv
2025-11-11 12:03:14,823 INFO o.a.j.p.j.s.J.Choose session: for thread 4 & VaccineName is flu
2025-11-11 12:03:15,204 ERROR o.a.j.m.J.Search failed: No patients returned for NoMoreVaccinations NoMoreVaccinations
2025-11-11 12:03:15,205 INFO o.a.j.s.TestAction: Restarting next thread loop from element Go to next thread as patient isn't found
2025-11-11 12:03:16,211 ERROR o.a.j.m.J.Search failed: No patients returned for NoMoreVaccinations NoMoreVaccinations
2025-11-11 12:03:16,211 INFO o.a.j.s.TestAction: Restarting next thread loop from element Go to next thread as patient isn't found
2025-11-11 12:03:17,056 INFO o.a.j.p.j.s.J.Choose session: for thread 5 & VaccineName is hpv
2025-11-11 12:03:18,332 ERROR o.a.j.m.J.Search failed: No patients returned for NoMoreVaccinations NoMoreVaccinations
2025-11-11 12:03:18,332 INFO o.a.j.s.TestAction: Restarting next thread loop from element Go to next thread as patient isn't found
2025-11-11 12:03:18,536 INFO o.a.j.p.j.s.J.Choose session: for thread 8 & VaccineName is flu
2025-11-11 12:03:19,896 INFO o.a.j.p.j.s.J.Choose session: for thread 6 & VaccineName is menacwy
2025-11-11 12:03:21,934 ERROR o.a.j.m.J.Search failed: No patients returned for NoMoreVaccinations NoMoreVaccinations
2025-11-11 12:03:21,934 INFO o.a.j.s.TestAction: Restarting next thread loop from element Go to next thread as patient isn't found
2025-11-11 12:03:23,636 INFO o.a.j.p.j.s.J.Choose session: for thread 0 & VaccineName is flu
2025-11-11 12:03:27,055 ERROR o.a.j.m.J.Search failed: No patients returned for NoMoreVaccinations NoMoreVaccinations
2025-11-11 12:03:27,056 INFO o.a.j.s.TestAction: Restarting next thread loop from element Go to next thread as patient isn't found
2025-11-11 12:03:27,265 ERROR o.a.j.m.J.Search failed: No patients returned for NoMoreVaccinations NoMoreVaccinations
2025-11-11 12:03:27,266 INFO o.a.j.s.TestAction: Restarting next thread loop from element Go to next thread as patient isn't found
2025-11-11 12:03:27,526 INFO o.a.j.p.j.s.J.Choose session: for thread 2 & VaccineName is menacwy
2025-11-11 12:03:28,697 INFO o.a.j.p.j.s.J.Choose session: for thread 9 & VaccineName is hpv
2025-11-11 12:03:29,744 INFO o.a.j.p.j.s.J.Choose session: for thread 1 & VaccineName is hpv
2025-11-11 12:03:30,304 INFO o.a.j.r.Summariser: summary +     86 in 00:00:30 =    2.9/s Avg:    37 Min:    15 Max:   214 Err:     0 (0.00%) Active: 10 Started: 10 Finished: 0
2025-11-11 12:03:30,304 INFO o.a.j.r.Summariser: summary =    223 in 00:01:33 =    2.4/s Avg:    36 Min:    15 Max:   214 Err:     0 (0.00%)
2025-11-11 12:03:30,435 ERROR o.a.j.m.J.Search failed: No patients returned for NoMoreVaccinations NoMoreVaccinations
2025-11-11 12:03:30,435 INFO o.a.j.s.TestAction: Restarting next thread loop from element Go to next thread as patient isn't found
2025-11-11 12:03:30,867 ERROR o.a.j.m.J.Search failed: No patients returned for NoMoreVaccinations NoMoreVaccinations
2025-11-11 12:03:30,867 INFO o.a.j.s.TestAction: Restarting next thread loop from element Go to next thread as patient isn't found
2025-11-11 12:03:32,088 ERROR o.a.j.m.J.Search failed: No patients returned for NoMoreVaccinations NoMoreVaccinations
2025-11-11 12:03:32,088 INFO o.a.j.s.TestAction: Restarting next thread loop from element Go to next thread as patient isn't found
2025-11-11 12:03:33,770 INFO o.a.j.p.j.s.J.Choose session: for thread 3 & VaccineName is td_ipv
2025-11-11 12:03:36,004 ERROR o.a.j.m.J.Search failed: No patients returned for NoMoreVaccinations NoMoreVaccinations
2025-11-11 12:03:36,004 INFO o.a.j.s.TestAction: Restarting next thread loop from element Go to next thread as patient isn't found
2025-11-11 12:03:37,852 INFO o.a.j.p.j.s.J.Choose session: for thread 4 & VaccineName is flu
2025-11-11 12:03:39,495 INFO o.a.j.p.j.s.J.Choose session: for thread 7 & VaccineName is td_ipv
2025-11-11 12:03:39,924 ERROR o.a.j.m.J.Search failed: No patients returned for NoMoreVaccinations NoMoreVaccinations
2025-11-11 12:03:39,925 INFO o.a.j.s.TestAction: Restarting next thread loop from element Go to next thread as patient isn't found
2025-11-11 12:03:41,683 ERROR o.a.j.m.J.Search failed: No patients returned for NoMoreVaccinations NoMoreVaccinations
2025-11-11 12:03:41,683 INFO o.a.j.s.TestAction: Restarting next thread loop from element Go to next thread as patient isn't found
2025-11-11 12:03:42,150 INFO o.a.j.p.j.s.J.Choose session: for thread 6 & VaccineName is menacwy
2025-11-11 12:03:42,802 ERROR o.a.j.m.J.Search failed: No patients returned for NoMoreVaccinations NoMoreVaccinations
2025-11-11 12:03:42,802 INFO o.a.j.s.TestAction: Restarting next thread loop from element Go to next thread as patient isn't found
2025-11-11 12:03:42,815 INFO o.a.j.p.j.s.J.Choose session: for thread 5 & VaccineName is hpv
2025-11-11 12:03:45,720 INFO o.a.j.p.j.s.J.Choose session: for thread 8 & VaccineName is flu
2025-11-11 12:03:46,157 INFO o.a.j.p.j.s.J.Choose session: for thread 0 & VaccineName is flu
2025-11-11 12:03:46,635 ERROR o.a.j.m.J.Search failed: No patients returned for NoMoreVaccinations NoMoreVaccinations
2025-11-11 12:03:46,636 INFO o.a.j.s.TestAction: Restarting next thread loop from element Go to next thread as patient isn't found
2025-11-11 12:03:50,145 ERROR o.a.j.m.J.Search failed: No patients returned for NoMoreVaccinations NoMoreVaccinations
2025-11-11 12:03:50,145 INFO o.a.j.s.TestAction: Restarting next thread loop from element Go to next thread as patient isn't found
2025-11-11 12:03:50,624 ERROR o.a.j.m.J.Search failed: No patients returned for NoMoreVaccinations NoMoreVaccinations
2025-11-11 12:03:50,625 INFO o.a.j.s.TestAction: Restarting next thread loop from element Go to next thread as patient isn't found
2025-11-11 12:03:51,387 INFO o.a.j.p.j.s.J.Choose session: for thread 2 & VaccineName is menacwy
2025-11-11 12:03:54,190 ERROR o.a.j.m.J.Search failed: No patients returned for NoMoreVaccinations NoMoreVaccinations
2025-11-11 12:03:54,190 INFO o.a.j.s.TestAction: Restarting next thread loop from element Go to next thread as patient isn't found
2025-11-11 12:03:54,342 INFO o.a.j.p.j.s.J.Choose session: for thread 1 & VaccineName is hpv
2025-11-11 12:03:54,385 INFO o.a.j.p.j.s.J.Choose session: for thread 9 & VaccineName is hpv
2025-11-11 12:03:54,869 ERROR o.a.j.m.J.Search failed: No patients returned for NoMoreVaccinations NoMoreVaccinations
2025-11-11 12:03:54,869 INFO o.a.j.s.TestAction: Restarting next thread loop from element Go to next thread as patient isn't found
2025-11-11 12:03:58,076 ERROR o.a.j.m.J.Search failed: No patients returned for NoMoreVaccinations NoMoreVaccinations
2025-11-11 12:03:58,076 INFO o.a.j.s.TestAction: Restarting next thread loop from element Go to next thread as patient isn't found
2025-11-11 12:03:58,459 ERROR o.a.j.m.J.Search failed: No patients returned for NoMoreVaccinations NoMoreVaccinations
2025-11-11 12:03:58,459 INFO o.a.j.s.TestAction: Restarting next thread loop from element Go to next thread as patient isn't found
2025-11-11 12:03:58,869 INFO o.a.j.p.j.s.J.Choose session: for thread 3 & VaccineName is td_ipv
2025-11-11 12:04:00,744 INFO o.a.j.r.Summariser: summary +     90 in 00:00:30 =    3.0/s Avg:    29 Min:    14 Max:    48 Err:     0 (0.00%) Active: 10 Started: 10 Finished: 0
2025-11-11 12:04:00,744 INFO o.a.j.r.Summariser: summary =    313 in 00:02:03 =    2.5/s Avg:    34 Min:    14 Max:   214 Err:     0 (0.00%)
2025-11-11 12:04:02,055 INFO o.a.j.p.j.s.J.Choose session: for thread 7 & VaccineName is td_ipv
2025-11-11 12:04:02,322 INFO o.a.j.p.j.s.J.Choose session: for thread 4 & VaccineName is flu
2025-11-11 12:04:04,084 ERROR o.a.j.m.J.Search failed: No patients returned for NoMoreVaccinations NoMoreVaccinations
2025-11-11 12:04:04,085 INFO o.a.j.s.TestAction: Restarting next thread loop from element Go to next thread as patient isn't found
2025-11-11 12:04:04,668 ERROR o.a.j.m.J.Search failed: No patients returned for NoMoreVaccinations NoMoreVaccinations
2025-11-11 12:04:04,668 INFO o.a.j.s.TestAction: Restarting next thread loop from element Go to next thread as patient isn't found
2025-11-11 12:04:05,064 ERROR o.a.j.m.J.Search failed: No patients returned for NoMoreVaccinations NoMoreVaccinations
2025-11-11 12:04:05,064 INFO o.a.j.s.TestAction: Restarting next thread loop from element Go to next thread as patient isn't found
2025-11-11 12:04:06,412 INFO o.a.j.p.j.s.J.Choose session: for thread 6 & VaccineName is menacwy
2025-11-11 12:04:06,529 INFO o.a.j.p.j.s.J.Choose session: for thread 5 & VaccineName is hpv
2025-11-11 12:04:10,717 INFO o.a.j.p.j.s.J.Choose session: for thread 0 & VaccineName is flu
2025-11-11 12:04:11,505 INFO o.a.j.p.j.s.J.Choose session: for thread 8 & VaccineName is flu
2025-11-11 12:04:12,950 ERROR o.a.j.m.J.Search failed: No patients returned for NoMoreVaccinations NoMoreVaccinations
2025-11-11 12:04:12,950 INFO o.a.j.s.TestAction: Restarting next thread loop from element Go to next thread as patient isn't found
2025-11-11 12:04:14,839 ERROR o.a.j.m.J.Search failed: No patients returned for NoMoreVaccinations NoMoreVaccinations
2025-11-11 12:04:14,839 INFO o.a.j.s.TestAction: Restarting next thread loop from element Go to next thread as patient isn't found
2025-11-11 12:04:15,263 ERROR o.a.j.m.J.Search failed: No patients returned for NoMoreVaccinations NoMoreVaccinations
2025-11-11 12:04:15,263 INFO o.a.j.s.TestAction: Restarting next thread loop from element Go to next thread as patient isn't found
2025-11-11 12:04:16,303 INFO o.a.j.p.j.s.J.Choose session: for thread 1 & VaccineName is hpv
2025-11-11 12:04:16,490 INFO o.a.j.p.j.s.J.Choose session: for thread 2 & VaccineName is menacwy
2025-11-11 12:04:16,842 INFO o.a.j.p.j.s.J.Choose session: for thread 9 & VaccineName is hpv
2025-11-11 12:04:18,913 ERROR o.a.j.m.J.Search failed: No patients returned for NoMoreVaccinations NoMoreVaccinations
2025-11-11 12:04:18,913 INFO o.a.j.s.TestAction: Restarting next thread loop from element Go to next thread as patient isn't found
2025-11-11 12:04:19,663 ERROR o.a.j.m.J.Search failed: No patients returned for NoMoreVaccinations NoMoreVaccinations
2025-11-11 12:04:19,663 INFO o.a.j.s.TestAction: Restarting next thread loop from element Go to next thread as patient isn't found
2025-11-11 12:04:23,029 ERROR o.a.j.m.J.Search failed: No patients returned for NoMoreVaccinations NoMoreVaccinations
2025-11-11 12:04:23,029 INFO o.a.j.s.TestAction: Restarting next thread loop from element Go to next thread as patient isn't found
2025-11-11 12:04:23,344 ERROR o.a.j.m.J.Search failed: No patients returned for NoMoreVaccinations NoMoreVaccinations
2025-11-11 12:04:23,344 INFO o.a.j.s.TestAction: Restarting next thread loop from element Go to next thread as patient isn't found
2025-11-11 12:04:23,638 INFO o.a.j.p.j.s.J.Choose session: for thread 3 & VaccineName is td_ipv
2025-11-11 12:04:26,490 ERROR o.a.j.m.J.Search failed: No patients returned for NoMoreVaccinations NoMoreVaccinations
2025-11-11 12:04:26,490 INFO o.a.j.s.TestAction: Restarting next thread loop from element Go to next thread as patient isn't found
2025-11-11 12:04:27,670 INFO o.a.j.p.j.s.J.Choose session: for thread 7 & VaccineName is td_ipv
2025-11-11 12:04:28,003 INFO o.a.j.p.j.s.J.Choose session: for thread 4 & VaccineName is flu
2025-11-11 12:04:28,313 ERROR o.a.j.m.J.Search failed: No patients returned for NoMoreVaccinations NoMoreVaccinations
2025-11-11 12:04:28,313 INFO o.a.j.s.TestAction: Restarting next thread loop from element Go to next thread as patient isn't found
2025-11-11 12:04:30,174 INFO o.a.j.r.Summariser: summary +     83 in 00:00:29 =    2.8/s Avg:    32 Min:    15 Max:    86 Err:     0 (0.00%) Active: 10 Started: 10 Finished: 0
2025-11-11 12:04:30,174 INFO o.a.j.r.Summariser: summary =    396 in 00:02:33 =    2.6/s Avg:    33 Min:    14 Max:   214 Err:     0 (0.00%)
2025-11-11 12:04:30,175 INFO o.a.j.p.j.s.J.Choose session: for thread 6 & VaccineName is menacwy
2025-11-11 12:04:30,775 ERROR o.a.j.m.J.Search failed: No patients returned for NoMoreVaccinations NoMoreVaccinations
2025-11-11 12:04:30,775 INFO o.a.j.s.TestAction: Restarting next thread loop from element Go to next thread as patient isn't found
2025-11-11 12:04:30,890 INFO o.a.j.p.j.s.J.Choose session: for thread 5 & VaccineName is hpv
2025-11-11 12:04:34,450 ERROR o.a.j.m.J.Search failed: No patients returned for NoMoreVaccinations NoMoreVaccinations
2025-11-11 12:04:34,450 INFO o.a.j.s.TestAction: Restarting next thread loop from element Go to next thread as patient isn't found
2025-11-11 12:04:35,858 INFO o.a.j.p.j.s.J.Choose session: for thread 0 & VaccineName is flu
2025-11-11 12:04:36,926 INFO o.a.j.p.j.s.J.Choose session: for thread 8 & VaccineName is flu
2025-11-11 12:04:39,353 INFO o.a.j.p.j.s.J.Choose session: for thread 1 & VaccineName is hpv
2025-11-11 12:04:40,865 ERROR o.a.j.m.J.Search failed: No patients returned for NoMoreVaccinations NoMoreVaccinations
2025-11-11 12:04:40,865 INFO o.a.j.s.TestAction: Restarting next thread loop from element Go to next thread as patient isn't found
2025-11-11 12:04:40,942 INFO o.a.j.p.j.s.J.Choose session: for thread 2 & VaccineName is menacwy
2025-11-11 12:04:41,103 ERROR o.a.j.m.J.Search failed: No patients returned for NoMoreVaccinations NoMoreVaccinations
2025-11-11 12:04:41,103 INFO o.a.j.s.TestAction: Restarting next thread loop from element Go to next thread as patient isn't found
2025-11-11 12:04:42,347 INFO o.a.j.p.j.s.J.Choose session: for thread 9 & VaccineName is hpv
2025-11-11 12:04:42,816 ERROR o.a.j.m.J.Search failed: No patients returned for NoMoreVaccinations NoMoreVaccinations
2025-11-11 12:04:42,817 INFO o.a.j.s.TestAction: Restarting next thread loop from element Go to next thread as patient isn't found
2025-11-11 12:04:44,549 ERROR o.a.j.m.J.Search failed: No patients returned for NoMoreVaccinations NoMoreVaccinations
2025-11-11 12:04:44,549 INFO o.a.j.s.TestAction: Restarting next thread loop from element Go to next thread as patient isn't found
2025-11-11 12:04:46,907 INFO o.a.j.p.j.s.J.Choose session: for thread 3 & VaccineName is td_ipv
2025-11-11 12:04:47,572 ERROR o.a.j.m.J.Search failed: No patients returned for NoMoreVaccinations NoMoreVaccinations
2025-11-11 12:04:47,572 INFO o.a.j.s.TestAction: Restarting next thread loop from element Go to next thread as patient isn't found
2025-11-11 12:04:47,620 ERROR o.a.j.m.J.Search failed: No patients returned for NoMoreVaccinations NoMoreVaccinations
2025-11-11 12:04:47,620 INFO o.a.j.s.TestAction: Restarting next thread loop from element Go to next thread as patient isn't found
2025-11-11 12:04:52,606 INFO o.a.j.p.j.s.J.Choose session: for thread 7 & VaccineName is td_ipv
2025-11-11 12:04:52,756 ERROR o.a.j.m.J.Search failed: No patients returned for NoMoreVaccinations NoMoreVaccinations
2025-11-11 12:04:52,756 INFO o.a.j.s.TestAction: Restarting next thread loop from element Go to next thread as patient isn't found
2025-11-11 12:04:53,384 INFO o.a.j.p.j.s.J.Choose session: for thread 4 & VaccineName is flu
2025-11-11 12:04:53,946 INFO o.a.j.p.j.s.J.Choose session: for thread 6 & VaccineName is menacwy
2025-11-11 12:04:54,396 ERROR o.a.j.m.J.Search failed: No patients returned for NoMoreVaccinations NoMoreVaccinations
2025-11-11 12:04:54,396 INFO o.a.j.s.TestAction: Restarting next thread loop from element Go to next thread as patient isn't found
2025-11-11 12:04:54,440 ERROR o.a.j.m.J.Search failed: No patients returned for NoMoreVaccinations NoMoreVaccinations
2025-11-11 12:04:54,440 INFO o.a.j.s.TestAction: Restarting next thread loop from element Go to next thread as patient isn't found
2025-11-11 12:04:55,950 INFO o.a.j.t.JMeterThread: Thread finished: Nurse journey 1-2
2025-11-11 12:04:56,770 INFO o.a.j.t.JMeterThread: Thread finished: Nurse journey 1-8
2025-11-11 12:04:56,785 INFO o.a.j.t.JMeterThread: Thread finished: Nurse journey 1-5
2025-11-11 12:04:57,236 INFO o.a.j.t.JMeterThread: Thread finished: Nurse journey 1-7
2025-11-11 12:04:57,488 INFO o.a.j.p.j.s.J.Choose session: for thread 5 & VaccineName is hpv
2025-11-11 12:04:57,489 INFO o.a.j.t.JMeterThread: Thread finished: Nurse journey 1-6
2025-11-11 12:04:57,717 INFO o.a.j.t.JMeterThread: Thread finished: Nurse journey 1-3
2025-11-11 12:04:58,151 ERROR o.a.j.m.J.Search failed: No patients returned for NoMoreVaccinations NoMoreVaccinations
2025-11-11 12:04:58,151 INFO o.a.j.s.TestAction: Restarting next thread loop from element Go to next thread as patient isn't found
2025-11-11 12:04:58,169 INFO o.a.j.t.JMeterThread: Thread finished: Nurse journey 1-4
2025-11-11 12:04:58,177 INFO o.a.j.t.JMeterThread: Thread finished: Nurse journey 1-10
2025-11-11 12:04:59,010 INFO o.a.j.p.j.s.J.Choose session: for thread 0 & VaccineName is flu
2025-11-11 12:04:59,012 INFO o.a.j.t.JMeterThread: Thread finished: Nurse journey 1-1
2025-11-11 12:04:59,042 INFO o.a.j.p.j.s.J.Choose session: for thread 8 & VaccineName is flu
2025-11-11 12:04:59,043 INFO o.a.j.t.JMeterThread: Thread finished: Nurse journey 1-9
2025-11-11 12:04:59,044 INFO o.a.j.e.StandardJMeterEngine: Notifying test listeners of end of test
2025-11-11 12:04:59,047 INFO o.a.j.r.Summariser: summary +     86 in 00:00:29 =    3.0/s Avg:    31 Min:    15 Max:   110 Err:     0 (0.00%) Active: 0 Started: 10 Finished: 10
2025-11-11 12:04:59,048 INFO o.a.j.r.Summariser: summary =    482 in 00:03:01 =    2.7/s Avg:    33 Min:    14 Max:   214 Err:     0 (0.00%)
2025-11-11 12:04:59,049 INFO o.a.j.JMeter: Generating Dashboard
2025-11-11 12:04:59,049 INFO o.a.j.r.d.ReportGenerator: Flushing result collector before report Generation
2025-11-11 12:04:59,058 INFO o.a.j.r.p.NormalizerSampleConsumer: Using format, 'ms', to parse timeStamp field
2025-11-11 12:04:59,185 INFO o.a.j.r.p.AbstractSampleConsumer: class org.apache.jmeter.report.processor.AggregateConsumer#stopProducing(): beginDate produced 0 samples
2025-11-11 12:04:59,185 INFO o.a.j.r.p.AbstractSampleConsumer: class org.apache.jmeter.report.processor.AggregateConsumer#stopProducing(): endDate produced 0 samples
2025-11-11 12:04:59,187 INFO o.a.j.r.p.AbstractSampleConsumer: class org.apache.jmeter.report.processor.ApdexSummaryConsumer#stopProducing(): apdexSummary produced 0 samples
2025-11-11 12:04:59,187 INFO o.a.j.r.p.AbstractSampleConsumer: class org.apache.jmeter.report.processor.RequestsSummaryConsumer#stopProducing(): requestsSummary produced 0 samples
2025-11-11 12:04:59,191 INFO o.a.j.r.p.AbstractSampleConsumer: class org.apache.jmeter.report.processor.StatisticsSummaryConsumer#stopProducing(): statisticsSummary produced 0 samples
2025-11-11 12:04:59,193 INFO o.a.j.r.p.AbstractSampleConsumer: class org.apache.jmeter.report.processor.Top5ErrorsBySamplerConsumer#stopProducing(): top5ErrorsBySampler produced 0 samples
2025-11-11 12:04:59,193 INFO o.a.j.r.p.AbstractSampleConsumer: class org.apache.jmeter.report.processor.ErrorsSummaryConsumer#stopProducing(): errorsSummary produced 0 samples
2025-11-11 12:04:59,193 INFO o.a.j.r.p.AbstractSampleConsumer: class org.apache.jmeter.report.processor.graph.impl.HitsPerSecondGraphConsumer#stopProducing(): hitsPerSecond produced 0 samples
2025-11-11 12:04:59,222 INFO o.a.j.r.p.AbstractSampleConsumer: class org.apache.jmeter.report.processor.graph.impl.LatencyVSRequestGraphConsumer#stopProducing(): latencyVsRequest produced 0 samples
2025-11-11 12:04:59,223 INFO o.a.j.r.p.AbstractSampleConsumer: class org.apache.jmeter.report.processor.graph.impl.SyntheticResponseTimeDistributionGraphConsumer#stopProducing(): syntheticResponseTimeDistribution produced 0 samples
2025-11-11 12:04:59,223 INFO o.a.j.r.p.AbstractSampleConsumer: class org.apache.jmeter.report.processor.graph.impl.BytesThroughputGraphConsumer#stopProducing(): bytesThroughputOverTime produced 0 samples
2025-11-11 12:04:59,223 INFO o.a.j.r.p.AbstractSampleConsumer: class org.apache.jmeter.report.processor.graph.impl.CodesPerSecondGraphConsumer#stopProducing(): codesPerSecond produced 0 samples
2025-11-11 12:04:59,232 INFO o.a.j.r.p.AbstractSampleConsumer: class org.apache.jmeter.report.processor.graph.impl.ResponseTimeVSRequestGraphConsumer#stopProducing(): responseTimeVsRequest produced 0 samples
2025-11-11 12:04:59,232 INFO o.a.j.r.p.AbstractSampleConsumer: class org.apache.jmeter.report.processor.FilterConsumer#stopProducing(): startIntervalControlerFilter produced 3374 samples
2025-11-11 12:04:59,232 INFO o.a.j.r.p.AbstractSampleConsumer: class org.apache.jmeter.report.processor.graph.impl.TotalTPSGraphConsumer#stopProducing(): totalTPS produced 0 samples
2025-11-11 12:04:59,232 INFO o.a.j.r.p.AbstractSampleConsumer: class org.apache.jmeter.report.processor.graph.impl.ActiveThreadsGraphConsumer#stopProducing(): activeThreadsOverTime produced 0 samples
2025-11-11 12:04:59,232 INFO o.a.j.r.p.AbstractSampleConsumer: class org.apache.jmeter.report.processor.graph.impl.TimeVSThreadGraphConsumer#stopProducing(): timeVsThreads produced 0 samples
2025-11-11 12:04:59,233 INFO o.a.j.r.p.AbstractSampleConsumer: class org.apache.jmeter.report.processor.graph.impl.ResponseTimeDistributionGraphConsumer#stopProducing(): responseTimeDistribution produced 0 samples
2025-11-11 12:04:59,233 INFO o.a.j.r.p.AbstractSampleConsumer: class org.apache.jmeter.report.processor.graph.impl.TransactionsPerSecondGraphConsumer#stopProducing(): transactionsPerSecond produced 0 samples
2025-11-11 12:04:59,233 INFO o.a.j.r.p.AbstractSampleConsumer: class org.apache.jmeter.report.processor.graph.impl.ResponseTimePercentilesGraphConsumer#stopProducing(): responseTimePercentiles produced 0 samples
2025-11-11 12:04:59,235 INFO o.a.j.r.p.AbstractSampleConsumer: class org.apache.jmeter.report.processor.graph.impl.ResponseTimePercentilesOverTimeGraphConsumer#stopProducing(): responseTimePercentilesOverTime produced 0 samples
2025-11-11 12:04:59,237 INFO o.a.j.r.p.AbstractSampleConsumer: class org.apache.jmeter.report.processor.graph.impl.ResponseTimeOverTimeGraphConsumer#stopProducing(): responseTimesOverTime produced 0 samples
2025-11-11 12:04:59,237 INFO o.a.j.r.p.AbstractSampleConsumer: class org.apache.jmeter.report.processor.graph.impl.ConnectTimeOverTimeGraphConsumer#stopProducing(): connectTimeOverTime produced 0 samples
2025-11-11 12:04:59,237 INFO o.a.j.r.p.AbstractSampleConsumer: class org.apache.jmeter.report.processor.graph.impl.LatencyOverTimeGraphConsumer#stopProducing(): latenciesOverTime produced 0 samples
2025-11-11 12:04:59,238 INFO o.a.j.r.p.AbstractSampleConsumer: class org.apache.jmeter.report.processor.FilterConsumer#stopProducing(): nameFilter produced 9240 samples
2025-11-11 12:04:59,238 INFO o.a.j.r.p.AbstractSampleConsumer: class org.apache.jmeter.report.processor.FilterConsumer#stopProducing(): dateRangeFilter produced 9873 samples
2025-11-11 12:04:59,238 INFO o.a.j.r.p.AbstractSampleConsumer: class org.apache.jmeter.report.processor.NormalizerSampleConsumer#stopProducing(): normalizer produced 3291 samples
2025-11-11 12:04:59,238 INFO o.a.j.r.p.CsvFileSampleSource: produce(): 3291 samples produced in 160ms on channel 0
2025-11-11 12:04:59,238 INFO o.a.j.r.d.ReportGenerator: Exporting data using exporter:'json' of className:'org.apache.jmeter.report.dashboard.JsonExporter'
2025-11-11 12:04:59,318 INFO o.a.j.r.d.JsonExporter: Found data for consumer statisticsSummaryin context
2025-11-11 12:04:59,318 INFO o.a.j.r.d.JsonExporter: Creating statistics for overall
2025-11-11 12:04:59,319 INFO o.a.j.r.d.JsonExporter: Creating statistics for other transactions
2025-11-11 12:04:59,319 INFO o.a.j.r.d.JsonExporter: Checking output folder
2025-11-11 12:04:59,319 INFO o.a.j.r.d.JsonExporter: Writing statistics JSON to /output/nurse/report/statistics.json
2025-11-11 12:04:59,362 INFO o.a.j.r.d.ReportGenerator: Exporting data using exporter:'html' of className:'org.apache.jmeter.report.dashboard.HtmlTemplateExporter'
2025-11-11 12:04:59,364 INFO o.a.j.r.d.HtmlTemplateExporter: Will generate dashboard in folder: /output/nurse/report
2025-11-11 12:04:59,479 INFO o.a.j.r.d.HtmlTemplateExporter: Report will be generated in: /output/nurse/report, creating folder structure
2025-11-11 12:04:59,480 INFO o.a.j.r.d.TemplateVisitor: Copying folder from '/opt/jmeter/bin/report-template' to '/output/nurse/report', got message: /output/nurse/report, found non empty folder with following content [/output/nurse/report/statistics.json], will be ignored
2025-11-11 12:04:59,665 INFO o.a.j.JMeter: Dashboard generated
